<?xml version="1.0" encoding="UTF-8"?>
<testng-results ignored="0" total="1" passed="1" failed="0" skipped="0">
  <reporter-output>
  </reporter-output>
  <suite started-at="2020-05-24T05:16:26Z" name="InetBanking" finished-at="2020-05-24T05:17:27Z" duration-ms="61217">
    <groups>
    </groups>
    <test started-at="2020-05-24T05:16:26Z" name="BankingApp" finished-at="2020-05-24T05:17:27Z" duration-ms="61217">
      <class name="com.inetbanking.testCases.TC_LoginTest_001">
        <test-method is-config="true" signature="setup(java.lang.String)[pri:0, instance:com.inetbanking.testCases.TC_LoginTest_001@5fdba6f9]" started-at="2020-05-24T05:16:26Z" name="setup" finished-at="2020-05-24T05:16:38Z" duration-ms="11465" status="PASS">
          <params>
            <param index="0">
              <value>
                <![CDATA[chrome]]>
              </value>
            </param>
          </params>
          <reporter-output>
          </reporter-output>
        </test-method> <!-- setup -->
        <test-method signature="loginTest()[pri:0, instance:com.inetbanking.testCases.TC_LoginTest_001@5fdba6f9]" started-at="2020-05-24T05:16:38Z" name="loginTest" finished-at="2020-05-24T05:17:26Z" duration-ms="48716" status="PASS">
          <reporter-output>
          </reporter-output>
        </test-method> <!-- loginTest -->
        <test-method is-config="true" signature="teardown()[pri:0, instance:com.inetbanking.testCases.TC_LoginTest_001@5fdba6f9]" started-at="2020-05-24T05:17:26Z" name="teardown" finished-at="2020-05-24T05:17:27Z" duration-ms="698" status="PASS">
          <reporter-output>
          </reporter-output>
        </test-method> <!-- teardown -->
      </class> <!-- com.inetbanking.testCases.TC_LoginTest_001 -->
    </test> <!-- BankingApp -->
  </suite> <!-- InetBanking -->
</testng-results>
