<?xml version="1.0" encoding="UTF-8"?>
<testng-results ignored="0" total="1" passed="1" failed="0" skipped="0">
  <reporter-output>
  </reporter-output>
  <suite started-at="2020-05-18T18:16:26Z" name="InetBanking" finished-at="2020-05-18T18:16:39Z" duration-ms="13651">
    <groups>
    </groups>
    <test started-at="2020-05-18T18:16:26Z" name="BankingApp" finished-at="2020-05-18T18:16:39Z" duration-ms="13651">
      <class name="com.inetbanking.testCases.TC_LoginDDT_002">
        <test-method is-config="true" signature="setup(java.lang.String)[pri:0, instance:com.inetbanking.testCases.TC_LoginDDT_002@78dd667e]" started-at="2020-05-18T18:16:26Z" name="setup" finished-at="2020-05-18T18:16:33Z" duration-ms="6642" status="PASS">
          <params>
            <param index="0">
              <value>
                <![CDATA[chrome]]>
              </value>
            </param>
          </params>
          <reporter-output>
          </reporter-output>
        </test-method> <!-- setup -->
        <test-method signature="logindDDT(java.lang.String, java.lang.String)[pri:0, instance:com.inetbanking.testCases.TC_LoginDDT_002@78dd667e]" started-at="2020-05-18T18:16:34Z" name="logindDDT" data-provider="LoginData" finished-at="2020-05-18T18:16:38Z" duration-ms="4061" status="PASS">
          <params>
            <param index="0">
              <value>
                <![CDATA[mngr259969]]>
              </value>
            </param>
            <param index="1">
              <value>
                <![CDATA[qysAtug]]>
              </value>
            </param>
          </params>
          <reporter-output>
          </reporter-output>
        </test-method> <!-- logindDDT -->
        <test-method is-config="true" signature="teardown()[pri:0, instance:com.inetbanking.testCases.TC_LoginDDT_002@78dd667e]" started-at="2020-05-18T18:16:38Z" name="teardown" finished-at="2020-05-18T18:16:39Z" duration-ms="1186" status="PASS">
          <reporter-output>
          </reporter-output>
        </test-method> <!-- teardown -->
      </class> <!-- com.inetbanking.testCases.TC_LoginDDT_002 -->
    </test> <!-- BankingApp -->
  </suite> <!-- InetBanking -->
</testng-results>
